{
  "stats": {
    "suites": 1,
    "tests": 10,
    "passes": 6,
    "pending": 0,
    "failures": 4,
    "start": "2024-09-29T17:20:05.067Z",
    "end": "2024-09-29T17:20:06.750Z",
    "duration": 1683,
    "testsRegistered": 10,
    "passPercent": 60,
    "pendingPercent": 0,
    "other": 0,
    "hasOther": false,
    "skipped": 0,
    "hasSkipped": false
  },
  "results": [
    {
      "uuid": "de1f7bb8-c717-43f0-8292-a7716b0bd717",
      "title": "",
      "fullFile": "C:\\Users\\Ahmad Rinaldi\\OneDrive\\Dokumen\\Automation testing\\Sanber-Code-Tugas-Pekanan-3\\module\\test\\suites\\transaction.suite.js",
      "file": "\\module\\test\\suites\\transaction.suite.js",
      "beforeHooks": [],
      "afterHooks": [],
      "tests": [],
      "suites": [
        {
          "uuid": "7854dc3d-7b46-4ba7-ab71-dbf2b89e6cef",
          "title": "Tambah transaction terbaru",
          "fullFile": "C:\\Users\\Ahmad Rinaldi\\OneDrive\\Dokumen\\Automation testing\\Sanber-Code-Tugas-Pekanan-3\\module\\test\\suites\\transaction.suite.js",
          "file": "\\module\\test\\suites\\transaction.suite.js",
          "beforeHooks": [],
          "afterHooks": [],
          "tests": [
            {
              "title": "sukses melakukan tambah transaction",
              "fullTitle": "Tambah transaction terbaru sukses melakukan tambah transaction",
              "timedOut": false,
              "duration": 288,
              "state": "passed",
              "speed": "slow",
              "pass": true,
              "fail": false,
              "pending": false,
              "context": null,
              "code": "const response = await createTransaction(await tokenBarrier);\n// assertion memakai chai\nexpect((await response).body);\nconsole.log((await response).body)",
              "err": {},
              "uuid": "f159558a-968c-43af-b141-72e5445e7d9d",
              "parentUUID": "7854dc3d-7b46-4ba7-ab71-dbf2b89e6cef",
              "isHook": false,
              "skipped": false
            },
            {
              "title": "status tambah success",
              "fullTitle": "Tambah transaction terbaru status tambah success",
              "timedOut": false,
              "duration": 169,
              "state": "passed",
              "speed": "slow",
              "pass": true,
              "fail": false,
              "pending": false,
              "context": null,
              "code": "const response = await createTransaction(await tokenBarrier);\n// assertion memakai chai\nexpect((await response).body.status).to.equal(\"success\")",
              "err": {},
              "uuid": "cd0c6d7f-282f-4eca-9aba-186ee0b24594",
              "parentUUID": "7854dc3d-7b46-4ba7-ab71-dbf2b89e6cef",
              "isHook": false,
              "skipped": false
            },
            {
              "title": "message success tambah data \"Transaction berhasil ditambahkan\"",
              "fullTitle": "Tambah transaction terbaru message success tambah data \"Transaction berhasil ditambahkan\"",
              "timedOut": false,
              "duration": 194,
              "state": "passed",
              "speed": "slow",
              "pass": true,
              "fail": false,
              "pending": false,
              "context": null,
              "code": "const response = await createTransaction(await tokenBarrier);\n// assertion memakai chai\nexpect((await response).body.message).to.equal(\"transaksi ditambahkan\");",
              "err": {},
              "uuid": "40d6308f-409c-45fc-a31e-2f12f2ae835a",
              "parentUUID": "7854dc3d-7b46-4ba7-ab71-dbf2b89e6cef",
              "isHook": false,
              "skipped": false
            },
            {
              "title": "message success tambah data dengan status Code 200\"",
              "fullTitle": "Tambah transaction terbaru message success tambah data dengan status Code 200\"",
              "timedOut": false,
              "duration": 107,
              "state": "passed",
              "speed": "slow",
              "pass": true,
              "fail": false,
              "pending": false,
              "context": null,
              "code": "const response = await createTransaction(await tokenBarrier);\n// assertion memakai chai\nexpect((await response).status).to.equal(201);",
              "err": {},
              "uuid": "5692cc31-933d-45a4-827a-04bc622c2eca",
              "parentUUID": "7854dc3d-7b46-4ba7-ab71-dbf2b89e6cef",
              "isHook": false,
              "skipped": false
            },
            {
              "title": "sukses menampilkan data product",
              "fullTitle": "Tambah transaction terbaru sukses menampilkan data product",
              "timedOut": false,
              "duration": 186,
              "state": "passed",
              "speed": "slow",
              "pass": true,
              "fail": false,
              "pending": false,
              "context": null,
              "code": "const response = await getTransactionAll(await tokenBarrier)\n// assertion memakai chai\nexpect((await response).body)\nconsole.log((await response).body.data)",
              "err": {},
              "uuid": "ea78dc02-3ff7-41e9-998b-ea0a9e668860",
              "parentUUID": "7854dc3d-7b46-4ba7-ab71-dbf2b89e6cef",
              "isHook": false,
              "skipped": false
            },
            {
              "title": "sukses menampilkan status \"success\"",
              "fullTitle": "Tambah transaction terbaru sukses menampilkan status \"success\"",
              "timedOut": false,
              "duration": 152,
              "state": "failed",
              "speed": null,
              "pass": false,
              "fail": true,
              "pending": false,
              "context": null,
              "code": "const response = await getTransactionAll(await tokenBarrier)\n// assertion memakai chai\n     \nexpect((await response).body.status).to.equal(\"success\");",
              "err": {
                "message": "AssertionError: expected undefined to equal 'success'",
                "estack": "AssertionError: expected undefined to equal 'success'\n    at Context.<anonymous> (file:///C:/Users/Ahmad%20Rinaldi/OneDrive/Dokumen/Automation%20testing/Sanber-Code-Tugas-Pekanan-3/module/test/suites/transaction.suite.js:53:49)\n    at process.processTicksAndRejections (node:internal/process/task_queues:95:5)",
                "diff": null
              },
              "uuid": "58663699-eb74-4fe0-9ac5-e60b4f75d7f1",
              "parentUUID": "7854dc3d-7b46-4ba7-ab71-dbf2b89e6cef",
              "isHook": false,
              "skipped": false
            },
            {
              "title": "sukses menampilkan status code is 200",
              "fullTitle": "Tambah transaction terbaru sukses menampilkan status code is 200",
              "timedOut": false,
              "duration": 156,
              "state": "failed",
              "speed": null,
              "pass": false,
              "fail": true,
              "pending": false,
              "context": null,
              "code": "const response = await getTransactionAll(await tokenBarrier)\n// assertion memakai chai\nexpect((await response).status).to.equal(200);",
              "err": {
                "message": "AssertionError: expected 500 to equal 200",
                "estack": "AssertionError: expected 500 to equal 200\n    at Context.<anonymous> (file:///C:/Users/Ahmad%20Rinaldi/OneDrive/Dokumen/Automation%20testing/Sanber-Code-Tugas-Pekanan-3/module/test/suites/transaction.suite.js:59:44)\n    at process.processTicksAndRejections (node:internal/process/task_queues:95:5)",
                "diff": "- 500\n+ 200\n"
              },
              "uuid": "f824e2fe-5ed0-4345-96f5-0fe183d63a55",
              "parentUUID": "7854dc3d-7b46-4ba7-ab71-dbf2b89e6cef",
              "isHook": false,
              "skipped": false
            },
            {
              "title": "sukses menampilkan data transaction by Id",
              "fullTitle": "Tambah transaction terbaru sukses menampilkan data transaction by Id",
              "timedOut": false,
              "duration": 159,
              "state": "passed",
              "speed": "slow",
              "pass": true,
              "fail": false,
              "pending": false,
              "context": null,
              "code": "const response = await getTransactionId(await id_purchases, await tokenBarrier)\n// assertion memakai chai\nexpect((await response).body)\nconsole.log((await response).body.data)",
              "err": {},
              "uuid": "1d6fa711-d675-4917-8623-af68bee2a3aa",
              "parentUUID": "7854dc3d-7b46-4ba7-ab71-dbf2b89e6cef",
              "isHook": false,
              "skipped": false
            },
            {
              "title": "sukses menampilkan status \"success\"",
              "fullTitle": "Tambah transaction terbaru sukses menampilkan status \"success\"",
              "timedOut": false,
              "duration": 165,
              "state": "failed",
              "speed": null,
              "pass": false,
              "fail": true,
              "pending": false,
              "context": null,
              "code": "const response = await getTransactionId(await id_purchases, await tokenBarrier)\n// assertion memakai chai\nexpect((await response).body.status).to.equal(\"success\")",
              "err": {
                "message": "AssertionError: expected 'fail' to equal 'success'",
                "estack": "AssertionError: expected 'fail' to equal 'success'\n    at Context.<anonymous> (file:///C:/Users/Ahmad%20Rinaldi/OneDrive/Dokumen/Automation%20testing/Sanber-Code-Tugas-Pekanan-3/module/test/suites/transaction.suite.js:73:49)\n    at process.processTicksAndRejections (node:internal/process/task_queues:95:5)",
                "diff": "- fail\n+ success\n"
              },
              "uuid": "a7ba0520-1e40-46f9-b55c-24eee5ead25f",
              "parentUUID": "7854dc3d-7b46-4ba7-ab71-dbf2b89e6cef",
              "isHook": false,
              "skipped": false
            },
            {
              "title": "sukses menampilkan status code is 200 transaction by Id",
              "fullTitle": "Tambah transaction terbaru sukses menampilkan status code is 200 transaction by Id",
              "timedOut": false,
              "duration": 91,
              "state": "failed",
              "speed": null,
              "pass": false,
              "fail": true,
              "pending": false,
              "context": null,
              "code": "const response = await getTransactionId(await id_purchases, await tokenBarrier)\n// assertion memakai chai\nexpect((await response).status).to.equal(200);",
              "err": {
                "message": "AssertionError: expected 404 to equal 200",
                "estack": "AssertionError: expected 404 to equal 200\n    at Context.<anonymous> (file:///C:/Users/Ahmad%20Rinaldi/OneDrive/Dokumen/Automation%20testing/Sanber-Code-Tugas-Pekanan-3/module/test/suites/transaction.suite.js:79:44)\n    at process.processTicksAndRejections (node:internal/process/task_queues:95:5)",
                "diff": "- 404\n+ 200\n"
              },
              "uuid": "4a9757a0-88a0-4e41-9485-7a4acc1eb067",
              "parentUUID": "7854dc3d-7b46-4ba7-ab71-dbf2b89e6cef",
              "isHook": false,
              "skipped": false
            }
          ],
          "suites": [],
          "passes": [
            "f159558a-968c-43af-b141-72e5445e7d9d",
            "cd0c6d7f-282f-4eca-9aba-186ee0b24594",
            "40d6308f-409c-45fc-a31e-2f12f2ae835a",
            "5692cc31-933d-45a4-827a-04bc622c2eca",
            "ea78dc02-3ff7-41e9-998b-ea0a9e668860",
            "1d6fa711-d675-4917-8623-af68bee2a3aa"
          ],
          "failures": [
            "58663699-eb74-4fe0-9ac5-e60b4f75d7f1",
            "f824e2fe-5ed0-4345-96f5-0fe183d63a55",
            "a7ba0520-1e40-46f9-b55c-24eee5ead25f",
            "4a9757a0-88a0-4e41-9485-7a4acc1eb067"
          ],
          "pending": [],
          "skipped": [],
          "duration": 1667,
          "root": false,
          "rootEmpty": false,
          "_timeout": 2000
        }
      ],
      "passes": [],
      "failures": [],
      "pending": [],
      "skipped": [],
      "duration": 0,
      "root": true,
      "rootEmpty": true,
      "_timeout": 2000
    }
  ],
  "meta": {
    "mocha": {
      "version": "10.7.3"
    },
    "mochawesome": {
      "options": {
        "quiet": false,
        "reportFilename": "mochawesome",
        "saveHtml": true,
        "saveJson": true,
        "consoleReporter": "spec",
        "useInlineDiffs": false,
        "code": true
      },
      "version": "7.1.3"
    },
    "marge": {
      "options": null,
      "version": "6.2.0"
    }
  }
}